{"/Users/ovansa/Documents/workspaces/browser-extensions/password-manager-auth/src/app.ts": {"path":"/Users/ovansa/Documents/workspaces/browser-extensions/password-manager-auth/src/app.ts","statementMap":{"0":{"start":{"line":1,"column":0},"end":{"line":1,"column":23}},"1":{"start":{"line":2,"column":0},"end":{"line":2,"column":67}},"2":{"start":{"line":3,"column":0},"end":{"line":3,"column":24}},"3":{"start":{"line":4,"column":0},"end":{"line":4,"column":28}},"4":{"start":{"line":6,"column":0},"end":{"line":6,"column":59}},"5":{"start":{"line":7,"column":0},"end":{"line":7,"column":54}},"6":{"start":{"line":10,"column":0},"end":{"line":10,"column":27}},"7":{"start":{"line":12,"column":0},"end":{"line":12,"column":39}},"8":{"start":{"line":13,"column":0},"end":{"line":13,"column":41}},"9":{"start":{"line":14,"column":0},"end":{"line":14,"column":45}},"10":{"start":{"line":15,"column":0},"end":{"line":15,"column":49}},"11":{"start":{"line":16,"column":0},"end":{"line":16,"column":43}},"12":{"start":{"line":18,"column":12},"end":{"line":18,"column":21}},"13":{"start":{"line":86,"column":9},"end":{"line":86,"column":12}},"14":{"start":{"line":21,"column":0},"end":{"line":21,"column":18}},"15":{"start":{"line":22,"column":0},"end":{"line":22,"column":41}},"16":{"start":{"line":26,"column":23},"end":{"line":30,"column":2}},"17":{"start":{"line":32,"column":0},"end":{"line":48,"column":2}},"18":{"start":{"line":35,"column":6},"end":{"line":44,"column":7}},"19":{"start":{"line":41,"column":8},"end":{"line":41,"column":29}},"20":{"start":{"line":43,"column":8},"end":{"line":43,"column":66}},"21":{"start":{"line":51,"column":0},"end":{"line":54,"column":3}},"22":{"start":{"line":52,"column":2},"end":{"line":52,"column":58}},"23":{"start":{"line":52,"column":44},"end":{"line":52,"column":58}},"24":{"start":{"line":53,"column":2},"end":{"line":53,"column":33}},"25":{"start":{"line":60,"column":0},"end":{"line":60,"column":41}},"26":{"start":{"line":61,"column":0},"end":{"line":61,"column":33}},"27":{"start":{"line":62,"column":0},"end":{"line":62,"column":44}},"28":{"start":{"line":63,"column":0},"end":{"line":63,"column":39}},"29":{"start":{"line":64,"column":0},"end":{"line":64,"column":43}},"30":{"start":{"line":65,"column":0},"end":{"line":65,"column":37}},"31":{"start":{"line":70,"column":0},"end":{"line":79,"column":3}},"32":{"start":{"line":71,"column":2},"end":{"line":77,"column":5}},"33":{"start":{"line":78,"column":2},"end":{"line":78,"column":93}},"34":{"start":{"line":82,"column":0},"end":{"line":84,"column":3}},"35":{"start":{"line":83,"column":2},"end":{"line":83,"column":90}}},"fnMap":{"0":{"name":"(anonymous_1)","decl":{"start":{"line":34,"column":12},"end":{"line":34,"column":13}},"loc":{"start":{"line":34,"column":33},"end":{"line":45,"column":5}}},"1":{"name":"(anonymous_2)","decl":{"start":{"line":51,"column":8},"end":{"line":51,"column":9}},"loc":{"start":{"line":51,"column":60},"end":{"line":54,"column":1}}},"2":{"name":"(anonymous_3)","decl":{"start":{"line":70,"column":8},"end":{"line":70,"column":9}},"loc":{"start":{"line":70,"column":75},"end":{"line":79,"column":1}}},"3":{"name":"(anonymous_4)","decl":{"start":{"line":82,"column":8},"end":{"line":82,"column":9}},"loc":{"start":{"line":82,"column":41},"end":{"line":84,"column":1}}}},"branchMap":{"0":{"loc":{"start":{"line":27,"column":6},"end":{"line":27,"column":64}},"type":"cond-expr","locations":[{"start":{"line":27,"column":33},"end":{"line":27,"column":59}},{"start":{"line":27,"column":62},"end":{"line":27,"column":64}}]},"1":{"loc":{"start":{"line":35,"column":6},"end":{"line":44,"column":7}},"type":"if","locations":[{"start":{"line":35,"column":6},"end":{"line":44,"column":7}},{"start":{"line":42,"column":13},"end":{"line":44,"column":7}}]},"2":{"loc":{"start":{"line":36,"column":8},"end":{"line":39,"column":39}},"type":"binary-expr","locations":[{"start":{"line":36,"column":8},"end":{"line":36,"column":15}},{"start":{"line":37,"column":8},"end":{"line":37,"column":48}},{"start":{"line":38,"column":8},"end":{"line":38,"column":45}},{"start":{"line":39,"column":8},"end":{"line":39,"column":39}}]},"3":{"loc":{"start":{"line":52,"column":2},"end":{"line":52,"column":58}},"type":"if","locations":[{"start":{"line":52,"column":2},"end":{"line":52,"column":58}},{"start":{},"end":{}}]}},"s":{"0":4,"1":4,"2":4,"3":4,"4":4,"5":4,"6":4,"7":4,"8":4,"9":4,"10":4,"11":4,"12":4,"13":4,"14":4,"15":4,"16":4,"17":4,"18":82,"19":81,"20":1,"21":4,"22":81,"23":5,"24":76,"25":4,"26":4,"27":4,"28":4,"29":4,"30":4,"31":4,"32":1,"33":1,"34":4,"35":1},"f":{"0":82,"1":81,"2":1,"3":1},"b":{"0":[0,4],"1":[81,1],"2":[82,3,2,1],"3":[5,76]}}
,"/Users/ovansa/Documents/workspaces/browser-extensions/password-manager-auth/src/config/firebase.ts": {"path":"/Users/ovansa/Documents/workspaces/browser-extensions/password-manager-auth/src/config/firebase.ts","statementMap":{"0":{"start":{"line":1,"column":0},"end":{"line":1,"column":7}},"1":{"start":{"line":35,"column":9},"end":{"line":1,"column":35}},"2":{"start":{"line":3,"column":24},"end":{"line":7,"column":2}},"3":{"start":{"line":9,"column":23},"end":{"line":9,"column":69}},"4":{"start":{"line":9,"column":53},"end":{"line":9,"column":68}},"5":{"start":{"line":10,"column":0},"end":{"line":19,"column":1}},"6":{"start":{"line":11,"column":2},"end":{"line":14,"column":4}},"7":{"start":{"line":15,"column":2},"end":{"line":17,"column":4}},"8":{"start":{"line":18,"column":2},"end":{"line":18,"column":18}},"9":{"start":{"line":21,"column":0},"end":{"line":28,"column":3}},"10":{"start":{"line":30,"column":11},"end":{"line":30,"column":28}},"11":{"start":{"line":35,"column":16},"end":{"line":35,"column":18}},"12":{"start":{"line":31,"column":0},"end":{"line":33,"column":3}}},"fnMap":{"0":{"name":"(anonymous_1)","decl":{"start":{"line":9,"column":46},"end":{"line":9,"column":47}},"loc":{"start":{"line":9,"column":53},"end":{"line":9,"column":68}}}},"branchMap":{"0":{"loc":{"start":{"line":10,"column":0},"end":{"line":19,"column":1}},"type":"if","locations":[{"start":{"line":10,"column":0},"end":{"line":19,"column":1}},{"start":{},"end":{}}]}},"s":{"0":4,"1":4,"2":4,"3":4,"4":12,"5":4,"6":0,"7":0,"8":0,"9":4,"10":4,"11":4,"12":4},"f":{"0":12},"b":{"0":[0,4]}}
,"/Users/ovansa/Documents/workspaces/browser-extensions/password-manager-auth/src/helpers/email.ts": {"path":"/Users/ovansa/Documents/workspaces/browser-extensions/password-manager-auth/src/helpers/email.ts","statementMap":{"0":{"start":{"line":1,"column":35},"end":{"line":1,"column":73}},"1":{"start":{"line":1,"column":49},"end":{"line":1,"column":73}},"2":{"start":{"line":1,"column":13},"end":{"line":1,"column":35}},"3":{"start":{"line":3,"column":29},"end":{"line":6,"column":1}},"4":{"start":{"line":4,"column":21},"end":{"line":4,"column":49}},"5":{"start":{"line":5,"column":2},"end":{"line":5,"column":32}},"6":{"start":{"line":3,"column":13},"end":{"line":3,"column":29}},"7":{"start":{"line":8,"column":29},"end":{"line":8,"column":82}},"8":{"start":{"line":8,"column":56},"end":{"line":8,"column":82}},"9":{"start":{"line":8,"column":13},"end":{"line":8,"column":29}}},"fnMap":{"0":{"name":"(anonymous_0)","decl":{"start":{"line":1,"column":35},"end":{"line":1,"column":46}},"loc":{"start":{"line":1,"column":49},"end":{"line":1,"column":73}}},"1":{"name":"(anonymous_1)","decl":{"start":{"line":3,"column":29},"end":{"line":3,"column":30}},"loc":{"start":{"line":3,"column":56},"end":{"line":6,"column":1}}},"2":{"name":"(anonymous_2)","decl":{"start":{"line":8,"column":29},"end":{"line":8,"column":30}},"loc":{"start":{"line":8,"column":56},"end":{"line":8,"column":82}}}},"branchMap":{},"s":{"0":4,"1":37,"2":4,"3":4,"4":12,"5":12,"6":4,"7":4,"8":31,"9":4},"f":{"0":37,"1":12,"2":31},"b":{}}
,"/Users/ovansa/Documents/workspaces/browser-extensions/password-manager-auth/src/helpers/license.ts": {"path":"/Users/ovansa/Documents/workspaces/browser-extensions/password-manager-auth/src/helpers/license.ts","statementMap":{"0":{"start":{"line":17,"column":0},"end":{"line":17,"column":7}},"1":{"start":{"line":31,"column":0},"end":{"line":31,"column":7}},"2":{"start":{"line":1,"column":0},"end":{"line":1,"column":28}},"3":{"start":{"line":2,"column":0},"end":{"line":2,"column":40}},"4":{"start":{"line":10,"column":23},"end":{"line":11,"column":76}},"5":{"start":{"line":11,"column":2},"end":{"line":11,"column":76}},"6":{"start":{"line":10,"column":13},"end":{"line":10,"column":23}},"7":{"start":{"line":18,"column":17},"end":{"line":18,"column":70}},"8":{"start":{"line":19,"column":2},"end":{"line":19,"column":34}},"9":{"start":{"line":19,"column":22},"end":{"line":19,"column":34}},"10":{"start":{"line":20,"column":14},"end":{"line":20,"column":28}},"11":{"start":{"line":21,"column":2},"end":{"line":25,"column":4}},"12":{"start":{"line":32,"column":2},"end":{"line":43,"column":3}},"13":{"start":{"line":33,"column":4},"end":{"line":33,"column":60}},"14":{"start":{"line":33,"column":48},"end":{"line":33,"column":60}},"15":{"start":{"line":35,"column":20},"end":{"line":35,"column":65}},"16":{"start":{"line":36,"column":4},"end":{"line":38,"column":5}},"17":{"start":{"line":37,"column":6},"end":{"line":37,"column":54}},"18":{"start":{"line":39,"column":4},"end":{"line":39,"column":17}},"19":{"start":{"line":41,"column":4},"end":{"line":41,"column":74}},"20":{"start":{"line":42,"column":4},"end":{"line":42,"column":17}}},"fnMap":{"0":{"name":"(anonymous_1)","decl":{"start":{"line":10,"column":23},"end":{"line":10,"column":24}},"loc":{"start":{"line":11,"column":2},"end":{"line":11,"column":76}}},"1":{"name":"getLicenseForUser","decl":{"start":{"line":17,"column":22},"end":{"line":17,"column":39}},"loc":{"start":{"line":17,"column":53},"end":{"line":26,"column":1}}},"2":{"name":"checkSubscriptionStatus","decl":{"start":{"line":31,"column":22},"end":{"line":31,"column":45}},"loc":{"start":{"line":31,"column":59},"end":{"line":44,"column":1}}}},"branchMap":{"0":{"loc":{"start":{"line":19,"column":2},"end":{"line":19,"column":34}},"type":"if","locations":[{"start":{"line":19,"column":2},"end":{"line":19,"column":34}},{"start":{},"end":{}}]},"1":{"loc":{"start":{"line":23,"column":10},"end":{"line":23,"column":29}},"type":"binary-expr","locations":[{"start":{"line":23,"column":10},"end":{"line":23,"column":21}},{"start":{"line":23,"column":25},"end":{"line":23,"column":29}}]},"2":{"loc":{"start":{"line":24,"column":16},"end":{"line":24,"column":83}},"type":"cond-expr","locations":[{"start":{"line":24,"column":36},"end":{"line":24,"column":76}},{"start":{"line":24,"column":79},"end":{"line":24,"column":83}}]},"3":{"loc":{"start":{"line":33,"column":4},"end":{"line":33,"column":60}},"type":"if","locations":[{"start":{"line":33,"column":4},"end":{"line":33,"column":60}},{"start":{},"end":{}}]},"4":{"loc":{"start":{"line":36,"column":4},"end":{"line":38,"column":5}},"type":"if","locations":[{"start":{"line":36,"column":4},"end":{"line":38,"column":5}},{"start":{},"end":{}}]}},"s":{"0":4,"1":4,"2":4,"3":4,"4":4,"5":11,"6":4,"7":3,"8":3,"9":1,"10":2,"11":2,"12":4,"13":4,"14":0,"15":4,"16":3,"17":2,"18":1,"19":1,"20":1},"f":{"0":11,"1":3,"2":4},"b":{"0":[1,2],"1":[2,0],"2":[1,1],"3":[0,4],"4":[2,1]}}
,"/Users/ovansa/Documents/workspaces/browser-extensions/password-manager-auth/src/middleware/csrf.ts": {"path":"/Users/ovansa/Documents/workspaces/browser-extensions/password-manager-auth/src/middleware/csrf.ts","statementMap":{"0":{"start":{"line":3,"column":30},"end":{"line":10,"column":1}},"1":{"start":{"line":4,"column":25},"end":{"line":4,"column":52}},"2":{"start":{"line":5,"column":2},"end":{"line":8,"column":3}},"3":{"start":{"line":6,"column":4},"end":{"line":6,"column":72}},"4":{"start":{"line":7,"column":4},"end":{"line":7,"column":11}},"5":{"start":{"line":9,"column":2},"end":{"line":9,"column":9}},"6":{"start":{"line":3,"column":13},"end":{"line":3,"column":30}}},"fnMap":{"0":{"name":"(anonymous_0)","decl":{"start":{"line":3,"column":30},"end":{"line":3,"column":31}},"loc":{"start":{"line":3,"column":88},"end":{"line":10,"column":1}}}},"branchMap":{"0":{"loc":{"start":{"line":5,"column":2},"end":{"line":8,"column":3}},"type":"if","locations":[{"start":{"line":5,"column":2},"end":{"line":8,"column":3}},{"start":{},"end":{}}]},"1":{"loc":{"start":{"line":5,"column":6},"end":{"line":5,"column":60}},"type":"binary-expr","locations":[{"start":{"line":5,"column":6},"end":{"line":5,"column":21}},{"start":{"line":5,"column":25},"end":{"line":5,"column":60}}]}},"s":{"0":4,"1":29,"2":29,"3":3,"4":3,"5":26,"6":4},"f":{"0":29},"b":{"0":[3,26],"1":[29,26]}}
,"/Users/ovansa/Documents/workspaces/browser-extensions/password-manager-auth/src/middleware/rateLimiters.ts": {"path":"/Users/ovansa/Documents/workspaces/browser-extensions/password-manager-auth/src/middleware/rateLimiters.ts","statementMap":{"0":{"start":{"line":1,"column":0},"end":{"line":1,"column":43}},"1":{"start":{"line":4,"column":19},"end":{"line":4,"column":65}},"2":{"start":{"line":4,"column":34},"end":{"line":4,"column":65}},"3":{"start":{"line":8,"column":13},"end":{"line":16,"column":3}},"4":{"start":{"line":19,"column":13},"end":{"line":26,"column":3}},"5":{"start":{"line":29,"column":13},"end":{"line":36,"column":3}},"6":{"start":{"line":39,"column":13},"end":{"line":46,"column":3}},"7":{"start":{"line":49,"column":13},"end":{"line":56,"column":3}},"8":{"start":{"line":59,"column":13},"end":{"line":65,"column":3}},"9":{"start":{"line":68,"column":13},"end":{"line":75,"column":3}},"10":{"start":{"line":78,"column":13},"end":{"line":84,"column":3}}},"fnMap":{"0":{"name":"(anonymous_1)","decl":{"start":{"line":4,"column":19},"end":{"line":4,"column":31}},"loc":{"start":{"line":4,"column":34},"end":{"line":4,"column":65}}}},"branchMap":{},"s":{"0":4,"1":4,"2":142,"3":4,"4":4,"5":4,"6":4,"7":4,"8":4,"9":4,"10":4},"f":{"0":142},"b":{}}
,"/Users/ovansa/Documents/workspaces/browser-extensions/password-manager-auth/src/routes/analytics.ts": {"path":"/Users/ovansa/Documents/workspaces/browser-extensions/password-manager-auth/src/routes/analytics.ts","statementMap":{"0":{"start":{"line":1,"column":0},"end":{"line":1,"column":52}},"1":{"start":{"line":2,"column":0},"end":{"line":2,"column":40}},"2":{"start":{"line":3,"column":0},"end":{"line":3,"column":62}},"3":{"start":{"line":5,"column":15},"end":{"line":5,"column":23}},"4":{"start":{"line":8,"column":21},"end":{"line":23,"column":2}},"5":{"start":{"line":25,"column":0},"end":{"line":68,"column":3}},"6":{"start":{"line":26,"column":2},"end":{"line":67,"column":3}},"7":{"start":{"line":27,"column":48},"end":{"line":27,"column":null}},"8":{"start":{"line":34,"column":4},"end":{"line":37,"column":5}},"9":{"start":{"line":35,"column":6},"end":{"line":35,"column":55}},"10":{"start":{"line":36,"column":6},"end":{"line":36,"column":13}},"11":{"start":{"line":40,"column":6},"end":{"line":40,"column":78}},"12":{"start":{"line":41,"column":4},"end":{"line":44,"column":5}},"13":{"start":{"line":42,"column":6},"end":{"line":42,"column":59}},"14":{"start":{"line":43,"column":6},"end":{"line":43,"column":13}},"15":{"start":{"line":47,"column":64},"end":{"line":47,"column":66}},"16":{"start":{"line":48,"column":4},"end":{"line":52,"column":5}},"17":{"start":{"line":49,"column":6},"end":{"line":51,"column":7}},"18":{"start":{"line":50,"column":8},"end":{"line":50,"column":59}},"19":{"start":{"line":54,"column":4},"end":{"line":60,"column":7}},"20":{"start":{"line":62,"column":4},"end":{"line":62,"column":27}},"21":{"start":{"line":64,"column":4},"end":{"line":64,"column":64}},"22":{"start":{"line":66,"column":4},"end":{"line":66,"column":28}},"23":{"start":{"line":70,"column":0},"end":{"line":70,"column":22}}},"fnMap":{"0":{"name":"(anonymous_0)","decl":{"start":{"line":25,"column":40},"end":{"line":25,"column":45}},"loc":{"start":{"line":25,"column":78},"end":{"line":68,"column":1}}}},"branchMap":{"0":{"loc":{"start":{"line":27,"column":30},"end":{"line":27,"column":39}},"type":"default-arg","locations":[{"start":{"line":27,"column":37},"end":{"line":27,"column":39}}]},"1":{"loc":{"start":{"line":34,"column":4},"end":{"line":37,"column":5}},"type":"if","locations":[{"start":{"line":34,"column":4},"end":{"line":37,"column":5}},{"start":{},"end":{}}]},"2":{"loc":{"start":{"line":34,"column":8},"end":{"line":34,"column":42}},"type":"binary-expr","locations":[{"start":{"line":34,"column":8},"end":{"line":34,"column":14}},{"start":{"line":34,"column":18},"end":{"line":34,"column":42}}]},"3":{"loc":{"start":{"line":41,"column":4},"end":{"line":44,"column":5}},"type":"if","locations":[{"start":{"line":41,"column":4},"end":{"line":44,"column":5}},{"start":{},"end":{}}]},"4":{"loc":{"start":{"line":41,"column":8},"end":{"line":41,"column":48}},"type":"binary-expr","locations":[{"start":{"line":41,"column":8},"end":{"line":41,"column":18}},{"start":{"line":41,"column":22},"end":{"line":41,"column":48}}]},"5":{"loc":{"start":{"line":49,"column":6},"end":{"line":51,"column":7}},"type":"if","locations":[{"start":{"line":49,"column":6},"end":{"line":51,"column":7}},{"start":{},"end":{}}]},"6":{"loc":{"start":{"line":58,"column":10},"end":{"line":58,"column":40}},"type":"cond-expr","locations":[{"start":{"line":58,"column":15},"end":{"line":58,"column":27}},{"start":{"line":58,"column":30},"end":{"line":58,"column":40}}]}},"s":{"0":4,"1":4,"2":4,"3":4,"4":4,"5":4,"6":21,"7":21,"8":21,"9":1,"10":1,"11":20,"12":20,"13":2,"14":2,"15":18,"16":18,"17":4,"18":3,"19":18,"20":17,"21":1,"22":1,"23":4},"f":{"0":21},"b":{"0":[20],"1":[1,20],"2":[21,21],"3":[2,18],"4":[20,19],"5":[3,1],"6":[1,17]}}
,"/Users/ovansa/Documents/workspaces/browser-extensions/password-manager-auth/src/routes/auth.ts": {"path":"/Users/ovansa/Documents/workspaces/browser-extensions/password-manager-auth/src/routes/auth.ts","statementMap":{"0":{"start":{"line":1,"column":0},"end":{"line":1,"column":52}},"1":{"start":{"line":2,"column":0},"end":{"line":2,"column":28}},"2":{"start":{"line":3,"column":0},"end":{"line":3,"column":46}},"3":{"start":{"line":4,"column":0},"end":{"line":4,"column":47}},"4":{"start":{"line":5,"column":0},"end":{"line":5,"column":52}},"5":{"start":{"line":6,"column":0},"end":{"line":6,"column":101}},"6":{"start":{"line":7,"column":0},"end":{"line":7,"column":85}},"7":{"start":{"line":8,"column":0},"end":{"line":8,"column":64}},"8":{"start":{"line":10,"column":15},"end":{"line":10,"column":23}},"9":{"start":{"line":13,"column":0},"end":{"line":134,"column":3}},"10":{"start":{"line":14,"column":27},"end":{"line":14,"column":48}},"11":{"start":{"line":15,"column":2},"end":{"line":15,"column":88}},"12":{"start":{"line":17,"column":2},"end":{"line":133,"column":3}},"13":{"start":{"line":18,"column":72},"end":{"line":18,"column":null}},"14":{"start":{"line":26,"column":4},"end":{"line":29,"column":5}},"15":{"start":{"line":27,"column":6},"end":{"line":27,"column":81}},"16":{"start":{"line":28,"column":6},"end":{"line":28,"column":13}},"17":{"start":{"line":31,"column":27},"end":{"line":31,"column":47}},"18":{"start":{"line":32,"column":4},"end":{"line":35,"column":5}},"19":{"start":{"line":33,"column":6},"end":{"line":33,"column":78}},"20":{"start":{"line":34,"column":6},"end":{"line":34,"column":13}},"21":{"start":{"line":37,"column":4},"end":{"line":40,"column":5}},"22":{"start":{"line":38,"column":6},"end":{"line":38,"column":80}},"23":{"start":{"line":39,"column":6},"end":{"line":39,"column":13}},"24":{"start":{"line":42,"column":20},"end":{"line":42,"column":62}},"25":{"start":{"line":43,"column":20},"end":{"line":43,"column":39}},"26":{"start":{"line":45,"column":4},"end":{"line":52,"column":5}},"27":{"start":{"line":46,"column":6},"end":{"line":49,"column":9}},"28":{"start":{"line":50,"column":6},"end":{"line":50,"column":83}},"29":{"start":{"line":51,"column":6},"end":{"line":51,"column":13}},"30":{"start":{"line":54,"column":20},"end":{"line":54,"column":39}},"31":{"start":{"line":55,"column":19},"end":{"line":55,"column":73}},"32":{"start":{"line":57,"column":4},"end":{"line":60,"column":5}},"33":{"start":{"line":58,"column":6},"end":{"line":58,"column":77}},"34":{"start":{"line":59,"column":6},"end":{"line":59,"column":13}},"35":{"start":{"line":62,"column":20},"end":{"line":62,"column":34}},"36":{"start":{"line":63,"column":4},"end":{"line":66,"column":5}},"37":{"start":{"line":64,"column":6},"end":{"line":64,"column":91}},"38":{"start":{"line":65,"column":6},"end":{"line":65,"column":13}},"39":{"start":{"line":68,"column":23},"end":{"line":68,"column":58}},"40":{"start":{"line":70,"column":21},"end":{"line":81,"column":6}},"41":{"start":{"line":83,"column":4},"end":{"line":83,"column":32}},"42":{"start":{"line":85,"column":34},"end":{"line":85,"column":38}},"43":{"start":{"line":86,"column":4},"end":{"line":88,"column":5}},"44":{"start":{"line":87,"column":6},"end":{"line":87,"column":89}},"45":{"start":{"line":90,"column":18},"end":{"line":90,"column":28}},"46":{"start":{"line":92,"column":4},"end":{"line":96,"column":7}},"47":{"start":{"line":98,"column":4},"end":{"line":105,"column":7}},"48":{"start":{"line":107,"column":4},"end":{"line":115,"column":7}},"49":{"start":{"line":117,"column":4},"end":{"line":117,"column":25}},"50":{"start":{"line":119,"column":4},"end":{"line":123,"column":7}},"51":{"start":{"line":125,"column":4},"end":{"line":125,"column":91}},"52":{"start":{"line":127,"column":4},"end":{"line":131,"column":7}},"53":{"start":{"line":132,"column":4},"end":{"line":132,"column":75}},"54":{"start":{"line":137,"column":0},"end":{"line":211,"column":3}},"55":{"start":{"line":138,"column":27},"end":{"line":138,"column":48}},"56":{"start":{"line":139,"column":2},"end":{"line":139,"column":76}},"57":{"start":{"line":141,"column":2},"end":{"line":210,"column":3}},"58":{"start":{"line":142,"column":36},"end":{"line":142,"column":89}},"59":{"start":{"line":144,"column":4},"end":{"line":147,"column":5}},"60":{"start":{"line":145,"column":6},"end":{"line":145,"column":77}},"61":{"start":{"line":146,"column":6},"end":{"line":146,"column":13}},"62":{"start":{"line":149,"column":27},"end":{"line":149,"column":47}},"63":{"start":{"line":150,"column":20},"end":{"line":150,"column":62}},"64":{"start":{"line":151,"column":20},"end":{"line":151,"column":39}},"65":{"start":{"line":153,"column":4},"end":{"line":157,"column":5}},"66":{"start":{"line":154,"column":6},"end":{"line":154,"column":46}},"67":{"start":{"line":155,"column":6},"end":{"line":155,"column":77}},"68":{"start":{"line":156,"column":6},"end":{"line":156,"column":13}},"69":{"start":{"line":159,"column":17},"end":{"line":159,"column":32}},"70":{"start":{"line":161,"column":4},"end":{"line":164,"column":5}},"71":{"start":{"line":162,"column":6},"end":{"line":162,"column":84}},"72":{"start":{"line":163,"column":6},"end":{"line":163,"column":13}},"73":{"start":{"line":166,"column":28},"end":{"line":166,"column":80}},"74":{"start":{"line":168,"column":4},"end":{"line":177,"column":5}},"75":{"start":{"line":169,"column":23},"end":{"line":169,"column":55}},"76":{"start":{"line":170,"column":47},"end":{"line":170,"column":74}},"77":{"start":{"line":171,"column":6},"end":{"line":173,"column":7}},"78":{"start":{"line":172,"column":8},"end":{"line":172,"column":71}},"79":{"start":{"line":174,"column":6},"end":{"line":174,"column":36}},"80":{"start":{"line":175,"column":6},"end":{"line":175,"column":77}},"81":{"start":{"line":176,"column":6},"end":{"line":176,"column":13}},"82":{"start":{"line":179,"column":4},"end":{"line":179,"column":89}},"83":{"start":{"line":181,"column":4},"end":{"line":185,"column":7}},"84":{"start":{"line":187,"column":20},"end":{"line":187,"column":59}},"85":{"start":{"line":189,"column":4},"end":{"line":192,"column":5}},"86":{"start":{"line":190,"column":6},"end":{"line":190,"column":93}},"87":{"start":{"line":191,"column":6},"end":{"line":191,"column":33}},"88":{"start":{"line":194,"column":4},"end":{"line":202,"column":7}},"89":{"start":{"line":204,"column":4},"end":{"line":208,"column":7}},"90":{"start":{"line":209,"column":4},"end":{"line":209,"column":68}},"91":{"start":{"line":214,"column":0},"end":{"line":244,"column":3}},"92":{"start":{"line":215,"column":2},"end":{"line":243,"column":3}},"93":{"start":{"line":216,"column":22},"end":{"line":216,"column":53}},"94":{"start":{"line":218,"column":4},"end":{"line":221,"column":5}},"95":{"start":{"line":219,"column":6},"end":{"line":219,"column":56}},"96":{"start":{"line":220,"column":6},"end":{"line":220,"column":13}},"97":{"start":{"line":223,"column":27},"end":{"line":223,"column":47}},"98":{"start":{"line":224,"column":4},"end":{"line":227,"column":5}},"99":{"start":{"line":225,"column":6},"end":{"line":225,"column":62}},"100":{"start":{"line":226,"column":6},"end":{"line":226,"column":13}},"101":{"start":{"line":229,"column":20},"end":{"line":229,"column":74}},"102":{"start":{"line":231,"column":4},"end":{"line":235,"column":5}},"103":{"start":{"line":233,"column":6},"end":{"line":233,"column":62}},"104":{"start":{"line":234,"column":6},"end":{"line":234,"column":13}},"105":{"start":{"line":237,"column":17},"end":{"line":237,"column":32}},"106":{"start":{"line":238,"column":4},"end":{"line":238,"column":75}},"107":{"start":{"line":240,"column":16},"end":{"line":240,"column":59}},"108":{"start":{"line":241,"column":4},"end":{"line":241,"column":81}},"109":{"start":{"line":242,"column":4},"end":{"line":242,"column":64}},"110":{"start":{"line":247,"column":0},"end":{"line":283,"column":3}},"111":{"start":{"line":248,"column":27},"end":{"line":248,"column":48}},"112":{"start":{"line":249,"column":2},"end":{"line":249,"column":81}},"113":{"start":{"line":251,"column":2},"end":{"line":282,"column":3}},"114":{"start":{"line":252,"column":30},"end":{"line":252,"column":68}},"115":{"start":{"line":254,"column":21},"end":{"line":259,"column":6}},"116":{"start":{"line":261,"column":30},"end":{"line":261,"column":51}},"117":{"start":{"line":262,"column":4},"end":{"line":265,"column":7}},"118":{"start":{"line":267,"column":4},"end":{"line":271,"column":7}},"119":{"start":{"line":273,"column":27},"end":{"line":273,"column":48}},"120":{"start":{"line":274,"column":16},"end":{"line":274,"column":74}},"121":{"start":{"line":275,"column":4},"end":{"line":280,"column":7}},"122":{"start":{"line":281,"column":4},"end":{"line":281,"column":87}},"123":{"start":{"line":285,"column":0},"end":{"line":285,"column":22}}},"fnMap":{"0":{"name":"(anonymous_10)","decl":{"start":{"line":13,"column":58},"end":{"line":13,"column":63}},"loc":{"start":{"line":13,"column":96},"end":{"line":134,"column":1}}},"1":{"name":"(anonymous_11)","decl":{"start":{"line":137,"column":52},"end":{"line":137,"column":57}},"loc":{"start":{"line":137,"column":90},"end":{"line":211,"column":1}}},"2":{"name":"(anonymous_12)","decl":{"start":{"line":214,"column":38},"end":{"line":214,"column":43}},"loc":{"start":{"line":214,"column":76},"end":{"line":244,"column":1}}},"3":{"name":"(anonymous_13)","decl":{"start":{"line":247,"column":38},"end":{"line":247,"column":43}},"loc":{"start":{"line":247,"column":76},"end":{"line":283,"column":1}}}},"branchMap":{"0":{"loc":{"start":{"line":26,"column":4},"end":{"line":29,"column":5}},"type":"if","locations":[{"start":{"line":26,"column":4},"end":{"line":29,"column":5}},{"start":{},"end":{}}]},"1":{"loc":{"start":{"line":26,"column":8},"end":{"line":26,"column":76}},"type":"binary-expr","locations":[{"start":{"line":26,"column":8},"end":{"line":26,"column":14}},{"start":{"line":26,"column":18},"end":{"line":26,"column":31}},{"start":{"line":26,"column":35},"end":{"line":26,"column":49}},{"start":{"line":26,"column":53},"end":{"line":26,"column":61}},{"start":{"line":26,"column":65},"end":{"line":26,"column":76}}]},"2":{"loc":{"start":{"line":32,"column":4},"end":{"line":35,"column":5}},"type":"if","locations":[{"start":{"line":32,"column":4},"end":{"line":35,"column":5}},{"start":{},"end":{}}]},"3":{"loc":{"start":{"line":37,"column":4},"end":{"line":40,"column":5}},"type":"if","locations":[{"start":{"line":37,"column":4},"end":{"line":40,"column":5}},{"start":{},"end":{}}]},"4":{"loc":{"start":{"line":37,"column":8},"end":{"line":37,"column":57}},"type":"binary-expr","locations":[{"start":{"line":37,"column":8},"end":{"line":37,"column":30}},{"start":{"line":37,"column":34},"end":{"line":37,"column":57}}]},"5":{"loc":{"start":{"line":45,"column":4},"end":{"line":52,"column":5}},"type":"if","locations":[{"start":{"line":45,"column":4},"end":{"line":52,"column":5}},{"start":{},"end":{}}]},"6":{"loc":{"start":{"line":57,"column":4},"end":{"line":60,"column":5}},"type":"if","locations":[{"start":{"line":57,"column":4},"end":{"line":60,"column":5}},{"start":{},"end":{}}]},"7":{"loc":{"start":{"line":57,"column":8},"end":{"line":57,"column":51}},"type":"binary-expr","locations":[{"start":{"line":57,"column":8},"end":{"line":57,"column":22}},{"start":{"line":57,"column":26},"end":{"line":57,"column":51}}]},"8":{"loc":{"start":{"line":63,"column":4},"end":{"line":66,"column":5}},"type":"if","locations":[{"start":{"line":63,"column":4},"end":{"line":66,"column":5}},{"start":{},"end":{}}]},"9":{"loc":{"start":{"line":63,"column":8},"end":{"line":63,"column":97}},"type":"binary-expr","locations":[{"start":{"line":63,"column":8},"end":{"line":63,"column":51}},{"start":{"line":63,"column":55},"end":{"line":63,"column":97}}]},"10":{"loc":{"start":{"line":86,"column":4},"end":{"line":88,"column":5}},"type":"if","locations":[{"start":{"line":86,"column":4},"end":{"line":88,"column":5}},{"start":{},"end":{}}]},"11":{"loc":{"start":{"line":101,"column":18},"end":{"line":101,"column":84}},"type":"cond-expr","locations":[{"start":{"line":101,"column":31},"end":{"line":101,"column":77}},{"start":{"line":101,"column":80},"end":{"line":101,"column":84}}]},"12":{"loc":{"start":{"line":112,"column":18},"end":{"line":112,"column":84}},"type":"cond-expr","locations":[{"start":{"line":112,"column":31},"end":{"line":112,"column":77}},{"start":{"line":112,"column":80},"end":{"line":112,"column":84}}]},"13":{"loc":{"start":{"line":144,"column":4},"end":{"line":147,"column":5}},"type":"if","locations":[{"start":{"line":144,"column":4},"end":{"line":147,"column":5}},{"start":{},"end":{}}]},"14":{"loc":{"start":{"line":144,"column":8},"end":{"line":144,"column":31}},"type":"binary-expr","locations":[{"start":{"line":144,"column":8},"end":{"line":144,"column":14}},{"start":{"line":144,"column":18},"end":{"line":144,"column":31}}]},"15":{"loc":{"start":{"line":153,"column":4},"end":{"line":157,"column":5}},"type":"if","locations":[{"start":{"line":153,"column":4},"end":{"line":157,"column":5}},{"start":{},"end":{}}]},"16":{"loc":{"start":{"line":161,"column":4},"end":{"line":164,"column":5}},"type":"if","locations":[{"start":{"line":161,"column":4},"end":{"line":164,"column":5}},{"start":{},"end":{}}]},"17":{"loc":{"start":{"line":161,"column":8},"end":{"line":161,"column":72}},"type":"binary-expr","locations":[{"start":{"line":161,"column":8},"end":{"line":161,"column":27}},{"start":{"line":161,"column":31},"end":{"line":161,"column":72}}]},"18":{"loc":{"start":{"line":168,"column":4},"end":{"line":177,"column":5}},"type":"if","locations":[{"start":{"line":168,"column":4},"end":{"line":177,"column":5}},{"start":{},"end":{}}]},"19":{"loc":{"start":{"line":169,"column":24},"end":{"line":169,"column":50}},"type":"binary-expr","locations":[{"start":{"line":169,"column":24},"end":{"line":169,"column":45}},{"start":{"line":169,"column":49},"end":{"line":169,"column":50}}]},"20":{"loc":{"start":{"line":171,"column":6},"end":{"line":173,"column":7}},"type":"if","locations":[{"start":{"line":171,"column":6},"end":{"line":173,"column":7}},{"start":{},"end":{}}]},"21":{"loc":{"start":{"line":189,"column":4},"end":{"line":192,"column":5}},"type":"if","locations":[{"start":{"line":189,"column":4},"end":{"line":192,"column":5}},{"start":{},"end":{}}]},"22":{"loc":{"start":{"line":189,"column":8},"end":{"line":189,"column":72}},"type":"binary-expr","locations":[{"start":{"line":189,"column":8},"end":{"line":189,"column":27}},{"start":{"line":189,"column":31},"end":{"line":189,"column":72}}]},"23":{"loc":{"start":{"line":201,"column":15},"end":{"line":201,"column":74}},"type":"binary-expr","locations":[{"start":{"line":201,"column":15},"end":{"line":201,"column":22}},{"start":{"line":201,"column":26},"end":{"line":201,"column":74}}]},"24":{"loc":{"start":{"line":218,"column":4},"end":{"line":221,"column":5}},"type":"if","locations":[{"start":{"line":218,"column":4},"end":{"line":221,"column":5}},{"start":{},"end":{}}]},"25":{"loc":{"start":{"line":224,"column":4},"end":{"line":227,"column":5}},"type":"if","locations":[{"start":{"line":224,"column":4},"end":{"line":227,"column":5}},{"start":{},"end":{}}]},"26":{"loc":{"start":{"line":231,"column":4},"end":{"line":235,"column":5}},"type":"if","locations":[{"start":{"line":231,"column":4},"end":{"line":235,"column":5}},{"start":{},"end":{}}]}},"s":{"0":4,"1":4,"2":4,"3":4,"4":4,"5":4,"6":4,"7":4,"8":4,"9":4,"10":9,"11":9,"12":9,"13":9,"14":9,"15":1,"16":1,"17":8,"18":8,"19":1,"20":1,"21":7,"22":1,"23":1,"24":6,"25":6,"26":5,"27":1,"28":1,"29":1,"30":4,"31":4,"32":4,"33":2,"34":2,"35":2,"36":2,"37":1,"38":1,"39":1,"40":1,"41":1,"42":1,"43":1,"44":1,"45":1,"46":1,"47":1,"48":1,"49":1,"50":1,"51":1,"52":1,"53":1,"54":4,"55":9,"56":9,"57":9,"58":9,"59":9,"60":1,"61":1,"62":8,"63":8,"64":8,"65":7,"66":1,"67":1,"68":1,"69":6,"70":6,"71":1,"72":1,"73":5,"74":5,"75":2,"76":2,"77":2,"78":1,"79":2,"80":2,"81":2,"82":3,"83":3,"84":3,"85":3,"86":1,"87":1,"88":3,"89":1,"90":1,"91":4,"92":5,"93":5,"94":5,"95":1,"96":1,"97":4,"98":4,"99":1,"100":1,"101":3,"102":2,"103":1,"104":1,"105":1,"106":1,"107":1,"108":1,"109":1,"110":4,"111":2,"112":2,"113":2,"114":2,"115":2,"116":1,"117":1,"118":1,"119":1,"120":1,"121":1,"122":1,"123":4},"f":{"0":9,"1":9,"2":5,"3":2},"b":{"0":[1,8],"1":[9,9,8,8,8],"2":[1,7],"3":[1,6],"4":[7,6],"5":[1,4],"6":[2,2],"7":[4,3],"8":[1,1],"9":[2,1],"10":[1,0],"11":[1,0],"12":[1,0],"13":[1,8],"14":[9,9],"15":[1,6],"16":[1,5],"17":[6,1],"18":[2,3],"19":[2,0],"20":[1,1],"21":[1,2],"22":[3,1],"23":[3,1],"24":[1,4],"25":[1,3],"26":[1,1]}}
,"/Users/ovansa/Documents/workspaces/browser-extensions/password-manager-auth/src/routes/config.ts": {"path":"/Users/ovansa/Documents/workspaces/browser-extensions/password-manager-auth/src/routes/config.ts","statementMap":{"0":{"start":{"line":1,"column":0},"end":{"line":1,"column":52}},"1":{"start":{"line":3,"column":15},"end":{"line":3,"column":23}},"2":{"start":{"line":8,"column":0},"end":{"line":12,"column":3}},"3":{"start":{"line":9,"column":2},"end":{"line":11,"column":5}},"4":{"start":{"line":14,"column":0},"end":{"line":14,"column":22}}},"fnMap":{"0":{"name":"(anonymous_0)","decl":{"start":{"line":8,"column":16},"end":{"line":8,"column":17}},"loc":{"start":{"line":8,"column":49},"end":{"line":12,"column":1}}}},"branchMap":{},"s":{"0":4,"1":4,"2":4,"3":3,"4":4},"f":{"0":3},"b":{}}
,"/Users/ovansa/Documents/workspaces/browser-extensions/password-manager-auth/src/routes/license.ts": {"path":"/Users/ovansa/Documents/workspaces/browser-extensions/password-manager-auth/src/routes/license.ts","statementMap":{"0":{"start":{"line":1,"column":0},"end":{"line":1,"column":52}},"1":{"start":{"line":2,"column":0},"end":{"line":2,"column":47}},"2":{"start":{"line":3,"column":0},"end":{"line":3,"column":52}},"3":{"start":{"line":4,"column":0},"end":{"line":4,"column":60}},"4":{"start":{"line":5,"column":0},"end":{"line":5,"column":49}},"5":{"start":{"line":6,"column":0},"end":{"line":6,"column":70}},"6":{"start":{"line":8,"column":15},"end":{"line":8,"column":23}},"7":{"start":{"line":11,"column":0},"end":{"line":95,"column":3}},"8":{"start":{"line":12,"column":2},"end":{"line":94,"column":3}},"9":{"start":{"line":13,"column":27},"end":{"line":13,"column":71}},"10":{"start":{"line":14,"column":4},"end":{"line":17,"column":5}},"11":{"start":{"line":15,"column":6},"end":{"line":15,"column":78}},"12":{"start":{"line":16,"column":6},"end":{"line":16,"column":13}},"13":{"start":{"line":19,"column":27},"end":{"line":19,"column":47}},"14":{"start":{"line":20,"column":20},"end":{"line":20,"column":32}},"15":{"start":{"line":21,"column":19},"end":{"line":21,"column":61}},"16":{"start":{"line":24,"column":19},"end":{"line":82,"column":6}},"17":{"start":{"line":25,"column":21},"end":{"line":25,"column":41}},"18":{"start":{"line":27,"column":6},"end":{"line":27,"column":82}},"19":{"start":{"line":27,"column":26},"end":{"line":27,"column":82}},"20":{"start":{"line":29,"column":22},"end":{"line":29,"column":36}},"21":{"start":{"line":31,"column":6},"end":{"line":33,"column":7}},"22":{"start":{"line":32,"column":8},"end":{"line":32,"column":78}},"23":{"start":{"line":35,"column":6},"end":{"line":39,"column":7}},"24":{"start":{"line":36,"column":8},"end":{"line":38,"column":9}},"25":{"start":{"line":37,"column":10},"end":{"line":37,"column":85}},"26":{"start":{"line":41,"column":36},"end":{"line":41,"column":40}},"27":{"start":{"line":42,"column":6},"end":{"line":44,"column":7}},"28":{"start":{"line":43,"column":8},"end":{"line":43,"column":91}},"29":{"start":{"line":46,"column":29},"end":{"line":46,"column":71}},"30":{"start":{"line":48,"column":6},"end":{"line":54,"column":9}},"31":{"start":{"line":56,"column":21},"end":{"line":56,"column":71}},"32":{"start":{"line":57,"column":6},"end":{"line":64,"column":9}},"33":{"start":{"line":66,"column":21},"end":{"line":66,"column":63}},"34":{"start":{"line":67,"column":6},"end":{"line":75,"column":9}},"35":{"start":{"line":77,"column":6},"end":{"line":81,"column":8}},"36":{"start":{"line":84,"column":4},"end":{"line":87,"column":5}},"37":{"start":{"line":85,"column":6},"end":{"line":85,"column":35}},"38":{"start":{"line":86,"column":6},"end":{"line":86,"column":13}},"39":{"start":{"line":89,"column":4},"end":{"line":89,"column":83}},"40":{"start":{"line":90,"column":4},"end":{"line":90,"column":21}},"41":{"start":{"line":92,"column":4},"end":{"line":92,"column":73}},"42":{"start":{"line":93,"column":4},"end":{"line":93,"column":73}},"43":{"start":{"line":98,"column":0},"end":{"line":113,"column":3}},"44":{"start":{"line":99,"column":2},"end":{"line":112,"column":3}},"45":{"start":{"line":100,"column":22},"end":{"line":100,"column":52}},"46":{"start":{"line":101,"column":4},"end":{"line":104,"column":5}},"47":{"start":{"line":102,"column":6},"end":{"line":102,"column":48}},"48":{"start":{"line":103,"column":6},"end":{"line":103,"column":13}},"49":{"start":{"line":106,"column":27},"end":{"line":106,"column":47}},"50":{"start":{"line":107,"column":28},"end":{"line":107,"column":73}},"51":{"start":{"line":108,"column":4},"end":{"line":108,"column":44}},"52":{"start":{"line":110,"column":4},"end":{"line":110,"column":73}},"53":{"start":{"line":111,"column":4},"end":{"line":111,"column":46}},"54":{"start":{"line":115,"column":0},"end":{"line":115,"column":22}}},"fnMap":{"0":{"name":"(anonymous_0)","decl":{"start":{"line":11,"column":57},"end":{"line":11,"column":62}},"loc":{"start":{"line":11,"column":95},"end":{"line":95,"column":1}}},"1":{"name":"(anonymous_1)","decl":{"start":{"line":24,"column":43},"end":{"line":24,"column":48}},"loc":{"start":{"line":24,"column":56},"end":{"line":82,"column":5}}},"2":{"name":"(anonymous_2)","decl":{"start":{"line":98,"column":34},"end":{"line":98,"column":39}},"loc":{"start":{"line":98,"column":72},"end":{"line":113,"column":1}}}},"branchMap":{"0":{"loc":{"start":{"line":14,"column":4},"end":{"line":17,"column":5}},"type":"if","locations":[{"start":{"line":14,"column":4},"end":{"line":17,"column":5}},{"start":{},"end":{}}]},"1":{"loc":{"start":{"line":14,"column":8},"end":{"line":14,"column":22}},"type":"binary-expr","locations":[{"start":{"line":14,"column":8},"end":{"line":14,"column":14}},{"start":{"line":14,"column":18},"end":{"line":14,"column":22}}]},"2":{"loc":{"start":{"line":27,"column":6},"end":{"line":27,"column":82}},"type":"if","locations":[{"start":{"line":27,"column":6},"end":{"line":27,"column":82}},{"start":{},"end":{}}]},"3":{"loc":{"start":{"line":31,"column":6},"end":{"line":33,"column":7}},"type":"if","locations":[{"start":{"line":31,"column":6},"end":{"line":33,"column":7}},{"start":{},"end":{}}]},"4":{"loc":{"start":{"line":35,"column":6},"end":{"line":39,"column":7}},"type":"if","locations":[{"start":{"line":35,"column":6},"end":{"line":39,"column":7}},{"start":{},"end":{}}]},"5":{"loc":{"start":{"line":36,"column":8},"end":{"line":38,"column":9}},"type":"if","locations":[{"start":{"line":36,"column":8},"end":{"line":38,"column":9}},{"start":{},"end":{}}]},"6":{"loc":{"start":{"line":42,"column":6},"end":{"line":44,"column":7}},"type":"if","locations":[{"start":{"line":42,"column":6},"end":{"line":44,"column":7}},{"start":{},"end":{}}]},"7":{"loc":{"start":{"line":51,"column":19},"end":{"line":53,"column":51}},"type":"cond-expr","locations":[{"start":{"line":52,"column":12},"end":{"line":52,"column":32}},{"start":{"line":53,"column":12},"end":{"line":53,"column":51}}]},"8":{"loc":{"start":{"line":60,"column":20},"end":{"line":60,"column":86}},"type":"cond-expr","locations":[{"start":{"line":60,"column":33},"end":{"line":60,"column":79}},{"start":{"line":60,"column":82},"end":{"line":60,"column":86}}]},"9":{"loc":{"start":{"line":62,"column":20},"end":{"line":62,"column":88}},"type":"cond-expr","locations":[{"start":{"line":62,"column":37},"end":{"line":62,"column":81}},{"start":{"line":62,"column":84},"end":{"line":62,"column":88}}]},"10":{"loc":{"start":{"line":70,"column":16},"end":{"line":70,"column":56}},"type":"cond-expr","locations":[{"start":{"line":70,"column":33},"end":{"line":70,"column":42}},{"start":{"line":70,"column":45},"end":{"line":70,"column":56}}]},"11":{"loc":{"start":{"line":72,"column":20},"end":{"line":72,"column":86}},"type":"cond-expr","locations":[{"start":{"line":72,"column":33},"end":{"line":72,"column":79}},{"start":{"line":72,"column":82},"end":{"line":72,"column":86}}]},"12":{"loc":{"start":{"line":80,"column":20},"end":{"line":80,"column":64}},"type":"cond-expr","locations":[{"start":{"line":80,"column":33},"end":{"line":80,"column":57}},{"start":{"line":80,"column":60},"end":{"line":80,"column":64}}]},"13":{"loc":{"start":{"line":84,"column":4},"end":{"line":87,"column":5}},"type":"if","locations":[{"start":{"line":84,"column":4},"end":{"line":87,"column":5}},{"start":{},"end":{}}]},"14":{"loc":{"start":{"line":101,"column":4},"end":{"line":104,"column":5}},"type":"if","locations":[{"start":{"line":101,"column":4},"end":{"line":104,"column":5}},{"start":{},"end":{}}]}},"s":{"0":4,"1":4,"2":4,"3":4,"4":4,"5":4,"6":4,"7":4,"8":8,"9":8,"10":8,"11":1,"12":1,"13":7,"14":7,"15":7,"16":7,"17":6,"18":6,"19":1,"20":5,"21":5,"22":1,"23":4,"24":2,"25":1,"26":3,"27":3,"28":2,"29":3,"30":3,"31":3,"32":3,"33":3,"34":3,"35":3,"36":6,"37":3,"38":3,"39":3,"40":3,"41":1,"42":1,"43":4,"44":5,"45":5,"46":5,"47":1,"48":1,"49":4,"50":4,"51":4,"52":0,"53":0,"54":4},"f":{"0":8,"1":6,"2":5},"b":{"0":[1,7],"1":[8,8],"2":[1,5],"3":[1,4],"4":[2,2],"5":[1,1],"6":[2,1],"7":[1,2],"8":[2,1],"9":[1,2],"10":[1,2],"11":[2,1],"12":[2,1],"13":[3,3],"14":[1,4]}}
,"/Users/ovansa/Documents/workspaces/browser-extensions/password-manager-auth/src/routes/oauth.ts": {"path":"/Users/ovansa/Documents/workspaces/browser-extensions/password-manager-auth/src/routes/oauth.ts","statementMap":{"0":{"start":{"line":1,"column":0},"end":{"line":1,"column":52}},"1":{"start":{"line":2,"column":0},"end":{"line":2,"column":26}},"2":{"start":{"line":3,"column":0},"end":{"line":3,"column":77}},"3":{"start":{"line":4,"column":0},"end":{"line":4,"column":55}},"4":{"start":{"line":6,"column":15},"end":{"line":6,"column":23}},"5":{"start":{"line":8,"column":27},"end":{"line":8,"column":140}},"6":{"start":{"line":18,"column":25},"end":{"line":18,"column":56}},"7":{"start":{"line":21,"column":0},"end":{"line":47,"column":3}},"8":{"start":{"line":22,"column":33},"end":{"line":22,"column":80}},"9":{"start":{"line":24,"column":2},"end":{"line":32,"column":3}},"10":{"start":{"line":25,"column":4},"end":{"line":30,"column":7}},"11":{"start":{"line":31,"column":4},"end":{"line":31,"column":11}},"12":{"start":{"line":34,"column":2},"end":{"line":34,"column":76}},"13":{"start":{"line":37,"column":2},"end":{"line":39,"column":3}},"14":{"start":{"line":38,"column":4},"end":{"line":38,"column":58}},"15":{"start":{"line":38,"column":31},"end":{"line":38,"column":58}},"16":{"start":{"line":41,"column":2},"end":{"line":46,"column":5}},"17":{"start":{"line":50,"column":0},"end":{"line":70,"column":3}},"18":{"start":{"line":51,"column":20},"end":{"line":51,"column":51}},"19":{"start":{"line":52,"column":2},"end":{"line":55,"column":3}},"20":{"start":{"line":53,"column":4},"end":{"line":53,"column":53}},"21":{"start":{"line":54,"column":4},"end":{"line":54,"column":11}},"22":{"start":{"line":57,"column":16},"end":{"line":57,"column":43}},"23":{"start":{"line":58,"column":2},"end":{"line":61,"column":3}},"24":{"start":{"line":59,"column":4},"end":{"line":59,"column":44}},"25":{"start":{"line":60,"column":4},"end":{"line":60,"column":11}},"26":{"start":{"line":62,"column":2},"end":{"line":66,"column":3}},"27":{"start":{"line":63,"column":4},"end":{"line":63,"column":35}},"28":{"start":{"line":64,"column":4},"end":{"line":64,"column":52}},"29":{"start":{"line":65,"column":4},"end":{"line":65,"column":11}},"30":{"start":{"line":68,"column":2},"end":{"line":68,"column":33}},"31":{"start":{"line":69,"column":2},"end":{"line":69,"column":33}},"32":{"start":{"line":73,"column":0},"end":{"line":75,"column":3}},"33":{"start":{"line":74,"column":2},"end":{"line":74,"column":49}},"34":{"start":{"line":78,"column":0},"end":{"line":127,"column":3}},"35":{"start":{"line":79,"column":27},"end":{"line":79,"column":48}},"36":{"start":{"line":80,"column":2},"end":{"line":83,"column":5}},"37":{"start":{"line":85,"column":2},"end":{"line":126,"column":3}},"38":{"start":{"line":86,"column":50},"end":{"line":86,"column":null}},"39":{"start":{"line":92,"column":4},"end":{"line":95,"column":5}},"40":{"start":{"line":93,"column":6},"end":{"line":93,"column":62}},"41":{"start":{"line":94,"column":6},"end":{"line":94,"column":13}},"42":{"start":{"line":96,"column":4},"end":{"line":99,"column":5}},"43":{"start":{"line":97,"column":6},"end":{"line":97,"column":63}},"44":{"start":{"line":98,"column":6},"end":{"line":98,"column":13}},"45":{"start":{"line":101,"column":19},"end":{"line":108,"column":6}},"46":{"start":{"line":110,"column":21},"end":{"line":113,"column":null}},"47":{"start":{"line":116,"column":4},"end":{"line":121,"column":7}},"48":{"start":{"line":123,"column":16},"end":{"line":123,"column":74}},"49":{"start":{"line":124,"column":4},"end":{"line":124,"column":88}},"50":{"start":{"line":125,"column":4},"end":{"line":125,"column":90}},"51":{"start":{"line":129,"column":0},"end":{"line":129,"column":22}}},"fnMap":{"0":{"name":"(anonymous_1)","decl":{"start":{"line":21,"column":24},"end":{"line":21,"column":25}},"loc":{"start":{"line":21,"column":56},"end":{"line":47,"column":1}}},"1":{"name":"(anonymous_2)","decl":{"start":{"line":50,"column":39},"end":{"line":50,"column":40}},"loc":{"start":{"line":50,"column":71},"end":{"line":70,"column":1}}},"2":{"name":"(anonymous_3)","decl":{"start":{"line":73,"column":28},"end":{"line":73,"column":29}},"loc":{"start":{"line":73,"column":61},"end":{"line":75,"column":1}}},"3":{"name":"(anonymous_4)","decl":{"start":{"line":78,"column":31},"end":{"line":78,"column":36}},"loc":{"start":{"line":78,"column":69},"end":{"line":127,"column":1}}}},"branchMap":{"0":{"loc":{"start":{"line":8,"column":30},"end":{"line":8,"column":113}},"type":"binary-expr","locations":[{"start":{"line":8,"column":30},"end":{"line":8,"column":52}},{"start":{"line":8,"column":56},"end":{"line":8,"column":113}}]},"1":{"loc":{"start":{"line":24,"column":2},"end":{"line":32,"column":3}},"type":"if","locations":[{"start":{"line":24,"column":2},"end":{"line":32,"column":3}},{"start":{},"end":{}}]},"2":{"loc":{"start":{"line":24,"column":6},"end":{"line":24,"column":30}},"type":"binary-expr","locations":[{"start":{"line":24,"column":6},"end":{"line":24,"column":11}},{"start":{"line":24,"column":15},"end":{"line":24,"column":20}},{"start":{"line":24,"column":24},"end":{"line":24,"column":30}}]},"3":{"loc":{"start":{"line":27,"column":36},"end":{"line":27,"column":65}},"type":"binary-expr","locations":[{"start":{"line":27,"column":36},"end":{"line":27,"column":41}},{"start":{"line":27,"column":45},"end":{"line":27,"column":65}}]},"4":{"loc":{"start":{"line":38,"column":4},"end":{"line":38,"column":58}},"type":"if","locations":[{"start":{"line":38,"column":4},"end":{"line":38,"column":58}},{"start":{},"end":{}}]},"5":{"loc":{"start":{"line":52,"column":2},"end":{"line":55,"column":3}},"type":"if","locations":[{"start":{"line":52,"column":2},"end":{"line":55,"column":3}},{"start":{},"end":{}}]},"6":{"loc":{"start":{"line":58,"column":2},"end":{"line":61,"column":3}},"type":"if","locations":[{"start":{"line":58,"column":2},"end":{"line":61,"column":3}},{"start":{},"end":{}}]},"7":{"loc":{"start":{"line":62,"column":2},"end":{"line":66,"column":3}},"type":"if","locations":[{"start":{"line":62,"column":2},"end":{"line":66,"column":3}},{"start":{},"end":{}}]},"8":{"loc":{"start":{"line":92,"column":4},"end":{"line":95,"column":5}},"type":"if","locations":[{"start":{"line":92,"column":4},"end":{"line":95,"column":5}},{"start":{},"end":{}}]},"9":{"loc":{"start":{"line":96,"column":4},"end":{"line":99,"column":5}},"type":"if","locations":[{"start":{"line":96,"column":4},"end":{"line":99,"column":5}},{"start":{},"end":{}}]}},"s":{"0":4,"1":4,"2":4,"3":4,"4":4,"5":4,"6":4,"7":4,"8":5,"9":5,"10":2,"11":2,"12":3,"13":3,"14":5,"15":0,"16":3,"17":4,"18":5,"19":5,"20":1,"21":1,"22":4,"23":4,"24":2,"25":2,"26":2,"27":1,"28":1,"29":1,"30":1,"31":1,"32":4,"33":1,"34":4,"35":4,"36":4,"37":4,"38":4,"39":4,"40":1,"41":1,"42":3,"43":1,"44":1,"45":2,"46":2,"47":1,"48":1,"49":1,"50":1,"51":4},"f":{"0":5,"1":5,"2":1,"3":4},"b":{"0":[4,0],"1":[2,3],"2":[5,4,4],"3":[2,1],"4":[0,5],"5":[1,4],"6":[2,2],"7":[1,1],"8":[1,3],"9":[1,2]}}
}
