TN:
SF:src/app.ts
FN:34,(anonymous_1)
FN:51,(anonymous_2)
FN:70,(anonymous_3)
FN:82,(anonymous_4)
FNF:4
FNH:4
FNDA:82,(anonymous_1)
FNDA:81,(anonymous_2)
FNDA:1,(anonymous_3)
FNDA:1,(anonymous_4)
DA:1,4
DA:2,4
DA:3,4
DA:4,4
DA:6,4
DA:7,4
DA:10,4
DA:12,4
DA:13,4
DA:14,4
DA:15,4
DA:16,4
DA:18,4
DA:21,4
DA:22,4
DA:26,4
DA:32,4
DA:35,82
DA:41,81
DA:43,1
DA:51,4
DA:52,81
DA:53,76
DA:60,4
DA:61,4
DA:62,4
DA:63,4
DA:64,4
DA:65,4
DA:70,4
DA:71,1
DA:78,1
DA:82,4
DA:83,1
DA:86,4
LF:35
LH:35
BRDA:27,0,0,0
BRDA:27,0,1,4
BRDA:35,1,0,81
BRDA:35,1,1,1
BRDA:36,2,0,82
BRDA:36,2,1,3
BRDA:36,2,2,2
BRDA:36,2,3,1
BRDA:52,3,0,5
BRDA:52,3,1,76
BRF:10
BRH:9
end_of_record
TN:
SF:src/config/firebase.ts
FN:9,(anonymous_1)
FNF:1
FNH:1
FNDA:12,(anonymous_1)
DA:1,4
DA:3,4
DA:9,12
DA:10,4
DA:11,0
DA:15,0
DA:18,0
DA:21,4
DA:30,4
DA:31,4
DA:35,4
LF:11
LH:8
BRDA:10,0,0,0
BRDA:10,0,1,4
BRF:2
BRH:1
end_of_record
TN:
SF:src/helpers/email.ts
FN:1,(anonymous_0)
FN:3,(anonymous_1)
FN:8,(anonymous_2)
FNF:3
FNH:3
FNDA:37,(anonymous_0)
FNDA:12,(anonymous_1)
FNDA:31,(anonymous_2)
DA:1,37
DA:3,4
DA:4,12
DA:5,12
DA:8,31
LF:5
LH:5
BRF:0
BRH:0
end_of_record
TN:
SF:src/helpers/license.ts
FN:10,(anonymous_1)
FN:17,getLicenseForUser
FN:31,checkSubscriptionStatus
FNF:3
FNH:3
FNDA:11,(anonymous_1)
FNDA:3,getLicenseForUser
FNDA:4,checkSubscriptionStatus
DA:1,4
DA:2,4
DA:10,4
DA:11,11
DA:17,4
DA:18,3
DA:19,3
DA:20,2
DA:21,2
DA:31,4
DA:32,4
DA:33,4
DA:35,4
DA:36,3
DA:37,2
DA:39,1
DA:41,1
DA:42,1
LF:18
LH:18
BRDA:19,0,0,1
BRDA:19,0,1,2
BRDA:23,1,0,2
BRDA:23,1,1,0
BRDA:24,2,0,1
BRDA:24,2,1,1
BRDA:33,3,0,0
BRDA:33,3,1,4
BRDA:36,4,0,2
BRDA:36,4,1,1
BRF:10
BRH:8
end_of_record
TN:
SF:src/middleware/csrf.ts
FN:3,(anonymous_0)
FNF:1
FNH:1
FNDA:29,(anonymous_0)
DA:3,4
DA:4,29
DA:5,29
DA:6,3
DA:7,3
DA:9,26
LF:6
LH:6
BRDA:5,0,0,3
BRDA:5,0,1,26
BRDA:5,1,0,29
BRDA:5,1,1,26
BRF:4
BRH:4
end_of_record
TN:
SF:src/middleware/rateLimiters.ts
FN:4,(anonymous_1)
FNF:1
FNH:1
FNDA:142,(anonymous_1)
DA:1,4
DA:4,142
DA:8,4
DA:19,4
DA:29,4
DA:39,4
DA:49,4
DA:59,4
DA:68,4
DA:78,4
LF:10
LH:10
BRF:0
BRH:0
end_of_record
TN:
SF:src/routes/analytics.ts
FN:25,(anonymous_0)
FNF:1
FNH:1
FNDA:21,(anonymous_0)
DA:1,4
DA:2,4
DA:3,4
DA:5,4
DA:8,4
DA:25,4
DA:26,21
DA:27,21
DA:34,21
DA:35,1
DA:36,1
DA:40,20
DA:41,20
DA:42,2
DA:43,2
DA:47,18
DA:48,18
DA:49,4
DA:50,3
DA:54,18
DA:62,17
DA:64,1
DA:66,1
DA:70,4
LF:24
LH:24
BRDA:27,0,0,20
BRDA:34,1,0,1
BRDA:34,1,1,20
BRDA:34,2,0,21
BRDA:34,2,1,21
BRDA:41,3,0,2
BRDA:41,3,1,18
BRDA:41,4,0,20
BRDA:41,4,1,19
BRDA:49,5,0,3
BRDA:49,5,1,1
BRDA:58,6,0,1
BRDA:58,6,1,17
BRF:13
BRH:13
end_of_record
TN:
SF:src/routes/auth.ts
FN:13,(anonymous_10)
FN:137,(anonymous_11)
FN:214,(anonymous_12)
FN:247,(anonymous_13)
FNF:4
FNH:4
FNDA:9,(anonymous_10)
FNDA:9,(anonymous_11)
FNDA:5,(anonymous_12)
FNDA:2,(anonymous_13)
DA:1,4
DA:2,4
DA:3,4
DA:4,4
DA:5,4
DA:6,4
DA:7,4
DA:8,4
DA:10,4
DA:13,4
DA:14,9
DA:15,9
DA:17,9
DA:18,9
DA:26,9
DA:27,1
DA:28,1
DA:31,8
DA:32,8
DA:33,1
DA:34,1
DA:37,7
DA:38,1
DA:39,1
DA:42,6
DA:43,6
DA:45,5
DA:46,1
DA:50,1
DA:51,1
DA:54,4
DA:55,4
DA:57,4
DA:58,2
DA:59,2
DA:62,2
DA:63,2
DA:64,1
DA:65,1
DA:68,1
DA:70,1
DA:83,1
DA:85,1
DA:86,1
DA:87,1
DA:90,1
DA:92,1
DA:98,1
DA:107,1
DA:117,1
DA:119,1
DA:125,1
DA:127,1
DA:132,1
DA:137,4
DA:138,9
DA:139,9
DA:141,9
DA:142,9
DA:144,9
DA:145,1
DA:146,1
DA:149,8
DA:150,8
DA:151,8
DA:153,7
DA:154,1
DA:155,1
DA:156,1
DA:159,6
DA:161,6
DA:162,1
DA:163,1
DA:166,5
DA:168,5
DA:169,2
DA:170,2
DA:171,2
DA:172,1
DA:174,2
DA:175,2
DA:176,2
DA:179,3
DA:181,3
DA:187,3
DA:189,3
DA:190,1
DA:191,1
DA:194,3
DA:204,1
DA:209,1
DA:214,4
DA:215,5
DA:216,5
DA:218,5
DA:219,1
DA:220,1
DA:223,4
DA:224,4
DA:225,1
DA:226,1
DA:229,3
DA:231,2
DA:233,1
DA:234,1
DA:237,1
DA:238,1
DA:240,1
DA:241,1
DA:242,1
DA:247,4
DA:248,2
DA:249,2
DA:251,2
DA:252,2
DA:254,2
DA:261,1
DA:262,1
DA:267,1
DA:273,1
DA:274,1
DA:275,1
DA:281,1
DA:285,4
LF:124
LH:124
BRDA:26,0,0,1
BRDA:26,0,1,8
BRDA:26,1,0,9
BRDA:26,1,1,9
BRDA:26,1,2,8
BRDA:26,1,3,8
BRDA:26,1,4,8
BRDA:32,2,0,1
BRDA:32,2,1,7
BRDA:37,3,0,1
BRDA:37,3,1,6
BRDA:37,4,0,7
BRDA:37,4,1,6
BRDA:45,5,0,1
BRDA:45,5,1,4
BRDA:57,6,0,2
BRDA:57,6,1,2
BRDA:57,7,0,4
BRDA:57,7,1,3
BRDA:63,8,0,1
BRDA:63,8,1,1
BRDA:63,9,0,2
BRDA:63,9,1,1
BRDA:86,10,0,1
BRDA:86,10,1,0
BRDA:101,11,0,1
BRDA:101,11,1,0
BRDA:112,12,0,1
BRDA:112,12,1,0
BRDA:144,13,0,1
BRDA:144,13,1,8
BRDA:144,14,0,9
BRDA:144,14,1,9
BRDA:153,15,0,1
BRDA:153,15,1,6
BRDA:161,16,0,1
BRDA:161,16,1,5
BRDA:161,17,0,6
BRDA:161,17,1,1
BRDA:168,18,0,2
BRDA:168,18,1,3
BRDA:169,19,0,2
BRDA:169,19,1,0
BRDA:171,20,0,1
BRDA:171,20,1,1
BRDA:189,21,0,1
BRDA:189,21,1,2
BRDA:189,22,0,3
BRDA:189,22,1,1
BRDA:201,23,0,3
BRDA:201,23,1,1
BRDA:218,24,0,1
BRDA:218,24,1,4
BRDA:224,25,0,1
BRDA:224,25,1,3
BRDA:231,26,0,1
BRDA:231,26,1,1
BRF:57
BRH:53
end_of_record
TN:
SF:src/routes/config.ts
FN:8,(anonymous_0)
FNF:1
FNH:1
FNDA:3,(anonymous_0)
DA:1,4
DA:3,4
DA:8,4
DA:9,3
DA:14,4
LF:5
LH:5
BRF:0
BRH:0
end_of_record
TN:
SF:src/routes/license.ts
FN:11,(anonymous_0)
FN:24,(anonymous_1)
FN:98,(anonymous_2)
FNF:3
FNH:3
FNDA:8,(anonymous_0)
FNDA:6,(anonymous_1)
FNDA:5,(anonymous_2)
DA:1,4
DA:2,4
DA:3,4
DA:4,4
DA:5,4
DA:6,4
DA:8,4
DA:11,4
DA:12,8
DA:13,8
DA:14,8
DA:15,1
DA:16,1
DA:19,7
DA:20,7
DA:21,7
DA:24,7
DA:25,6
DA:27,6
DA:29,5
DA:31,5
DA:32,1
DA:35,4
DA:36,2
DA:37,1
DA:41,3
DA:42,3
DA:43,2
DA:46,3
DA:48,3
DA:56,3
DA:57,3
DA:66,3
DA:67,3
DA:77,3
DA:84,6
DA:85,3
DA:86,3
DA:89,3
DA:90,3
DA:92,1
DA:93,1
DA:98,4
DA:99,5
DA:100,5
DA:101,5
DA:102,1
DA:103,1
DA:106,4
DA:107,4
DA:108,4
DA:110,0
DA:111,0
DA:115,4
LF:54
LH:52
BRDA:14,0,0,1
BRDA:14,0,1,7
BRDA:14,1,0,8
BRDA:14,1,1,8
BRDA:27,2,0,1
BRDA:27,2,1,5
BRDA:31,3,0,1
BRDA:31,3,1,4
BRDA:35,4,0,2
BRDA:35,4,1,2
BRDA:36,5,0,1
BRDA:36,5,1,1
BRDA:42,6,0,2
BRDA:42,6,1,1
BRDA:51,7,0,1
BRDA:51,7,1,2
BRDA:60,8,0,2
BRDA:60,8,1,1
BRDA:62,9,0,1
BRDA:62,9,1,2
BRDA:70,10,0,1
BRDA:70,10,1,2
BRDA:72,11,0,2
BRDA:72,11,1,1
BRDA:80,12,0,2
BRDA:80,12,1,1
BRDA:84,13,0,3
BRDA:84,13,1,3
BRDA:101,14,0,1
BRDA:101,14,1,4
BRF:30
BRH:30
end_of_record
TN:
SF:src/routes/oauth.ts
FN:21,(anonymous_1)
FN:50,(anonymous_2)
FN:73,(anonymous_3)
FN:78,(anonymous_4)
FNF:4
FNH:4
FNDA:5,(anonymous_1)
FNDA:5,(anonymous_2)
FNDA:1,(anonymous_3)
FNDA:4,(anonymous_4)
DA:1,4
DA:2,4
DA:3,4
DA:4,4
DA:6,4
DA:8,4
DA:18,4
DA:21,4
DA:22,5
DA:24,5
DA:25,2
DA:31,2
DA:34,3
DA:37,3
DA:38,5
DA:41,3
DA:50,4
DA:51,5
DA:52,5
DA:53,1
DA:54,1
DA:57,4
DA:58,4
DA:59,2
DA:60,2
DA:62,2
DA:63,1
DA:64,1
DA:65,1
DA:68,1
DA:69,1
DA:73,4
DA:74,1
DA:78,4
DA:79,4
DA:80,4
DA:85,4
DA:86,4
DA:92,4
DA:93,1
DA:94,1
DA:96,3
DA:97,1
DA:98,1
DA:101,2
DA:110,2
DA:116,1
DA:123,1
DA:124,1
DA:125,1
DA:129,4
LF:51
LH:51
BRDA:8,0,0,4
BRDA:8,0,1,0
BRDA:24,1,0,2
BRDA:24,1,1,3
BRDA:24,2,0,5
BRDA:24,2,1,4
BRDA:24,2,2,4
BRDA:27,3,0,2
BRDA:27,3,1,1
BRDA:38,4,0,0
BRDA:38,4,1,5
BRDA:52,5,0,1
BRDA:52,5,1,4
BRDA:58,6,0,2
BRDA:58,6,1,2
BRDA:62,7,0,1
BRDA:62,7,1,1
BRDA:92,8,0,1
BRDA:92,8,1,3
BRDA:96,9,0,1
BRDA:96,9,1,2
BRF:21
BRH:19
end_of_record
